[debug] [2026-02-14T06:28:35.360Z] ----------------------------------------------------------------------
[debug] [2026-02-14T06:28:35.363Z] Command:       C:\Program Files\nodejs\node.exe C:\Users\gitikabose\AppData\Roaming\npm\node_modules\firebase-tools\lib\bin\firebase.js init
[debug] [2026-02-14T06:28:35.363Z] CLI Version:   15.5.1
[debug] [2026-02-14T06:28:35.363Z] Platform:      win32
[debug] [2026-02-14T06:28:35.363Z] Node Version:  v22.12.0
[debug] [2026-02-14T06:28:35.363Z] Time:          Fri Feb 13 2026 22:28:35 GMT-0800 (Pacific Standard Time)
[debug] [2026-02-14T06:28:35.363Z] ----------------------------------------------------------------------
[debug] 
[info] 
     ######## #### ########  ######## ########     ###     ######  ########
     ##        ##  ##     ## ##       ##     ##  ##   ##  ##       ##
     ######    ##  ########  ######   ########  #########  ######  ######
     ##        ##  ##    ##  ##       ##     ## ##     ##       ## ##
     ##       #### ##     ## ######## ########  ##     ##  ######  ########

You're about to initialize a Firebase project in this directory:

  C:\Users\gitikabose\OneDrive - Microsoft\Desktop\Projects\medical-scribe

[debug] [2026-02-14T06:28:58.753Z] ExitPromptError: User force closed the prompt with SIGINT
    at Interface.sigint (C:\Users\gitikabose\AppData\Roaming\npm\node_modules\firebase-tools\node_modules\@inquirer\core\dist\commonjs\lib\create-prompt.js:101:37)
    at Interface.emit (node:events:524:28)
    at [_ttyWrite] [as _ttyWrite] (node:internal/readline/interface:1124:18)
    at ReadStream.onkeypress (node:internal/readline/interface:263:20)
    at ReadStream.emit (node:events:536:35)
    at emitKeys (node:internal/readline/utils:370:14)
    at emitKeys.next (<anonymous>)
    at ReadStream.onData (node:internal/readline/emitKeypressEvents:64:36)
    at ReadStream.emit (node:events:524:28)
    at addChunk (node:internal/streams/readable:561:12)
[error] 
[error] Error: An unexpected error has occurred.
